<?xml version="1.0" encoding="UTF-8"?>
<testng-results ignored="0" total="7" passed="6" failed="1" skipped="0">
  <reporter-output>
  </reporter-output>
  <suite started-at="2024-11-04T20:34:00 IST" name="Default suite" finished-at="2024-11-04T20:34:43 IST" duration-ms="43264">
    <groups>
    </groups>
    <test started-at="2024-11-04T20:34:00 IST" name="Default test" finished-at="2024-11-04T20:34:43 IST" duration-ms="43264">
      <class name="org.seleniumframework.org.seleniumtests.Login">
        <test-method is-config="true" signature="setupExtent()[pri:0, instance:org.seleniumframework.org.seleniumtests.Login@37ebc9d8]" started-at="2024-11-04T20:34:00 IST" name="setupExtent" finished-at="2024-11-04T20:34:00 IST" duration-ms="435" status="PASS">
          <reporter-output>
          </reporter-output>
        </test-method> <!-- setupExtent -->
        <test-method is-config="true" signature="setUp()[pri:0, instance:org.seleniumframework.org.seleniumtests.Login@37ebc9d8]" started-at="2024-11-04T20:34:01 IST" name="setUp" finished-at="2024-11-04T20:34:09 IST" duration-ms="7791" status="PASS">
          <reporter-output>
          </reporter-output>
        </test-method> <!-- setUp -->
        <test-method signature="verifyLoginWithValidCredentials(java.lang.String,java.lang.String)[pri:1, instance:org.seleniumframework.org.seleniumtests.Login@37ebc9d8]" started-at="2024-11-04T20:34:09 IST" name="verifyLoginWithValidCredentials" data-provider="validCredentialSupplier" finished-at="2024-11-04T20:34:09 IST" duration-ms="735" status="PASS">
          <params>
            <param index="0">
              <value>
                <![CDATA[john.pet123@gmail.com]]>
              </value>
            </param>
            <param index="1">
              <value>
                <![CDATA[12345]]>
              </value>
            </param>
          </params>
          <reporter-output>
          </reporter-output>
        </test-method> <!-- verifyLoginWithValidCredentials -->
        <test-method is-config="true" signature="teadDown(org.testng.ITestResult)[pri:0, instance:org.seleniumframework.org.seleniumtests.Login@37ebc9d8]" started-at="2024-11-04T20:34:09 IST" name="teadDown" finished-at="2024-11-04T20:34:10 IST" duration-ms="172" status="PASS">
          <params>
            <param index="0">
              <value>
                <![CDATA[[TestResult name=verifyLoginWithValidCredentials status=SUCCESS method=Login.verifyLoginWithValidCredentials(java.lang.String,java.lang.String)[pri:1, instance:org.seleniumframework.org.seleniumtests.Login@37ebc9d8] output={null}]]]>
              </value>
            </param>
          </params>
          <reporter-output>
          </reporter-output>
        </test-method> <!-- teadDown -->
        <test-method is-config="true" signature="setUp()[pri:0, instance:org.seleniumframework.org.seleniumtests.Login@37ebc9d8]" started-at="2024-11-04T20:34:10 IST" name="setUp" finished-at="2024-11-04T20:34:13 IST" duration-ms="3154" status="PASS">
          <reporter-output>
          </reporter-output>
        </test-method> <!-- setUp -->
        <test-method signature="verifyLoginWithValidCredentials(java.lang.String,java.lang.String)[pri:1, instance:org.seleniumframework.org.seleniumtests.Login@37ebc9d8]" started-at="2024-11-04T20:34:13 IST" name="verifyLoginWithValidCredentials" data-provider="validCredentialSupplier" finished-at="2024-11-04T20:34:23 IST" duration-ms="10639" status="FAIL">
          <params>
            <param index="0">
              <value>
                <![CDATA[john.pan@gmail.com]]>
              </value>
            </param>
            <param index="1">
              <value>
                <![CDATA[12345]]>
              </value>
            </param>
          </params>
          <exception class="org.openqa.selenium.NoSuchElementException">
            <message>
              <![CDATA[no such element: Unable to locate element: {"method":"link text","selector":"Edit your account information"}
  (Session info: chrome=130.0.6723.71)
For documentation on this error, please visit: https://www.selenium.dev/documentation/webdriver/troubleshooting/errors#no-such-element-exception
Build info: version: '4.18.0', revision: 'b6bf9de7cc*'
System info: os.name: 'Windows 10', os.arch: 'amd64', os.version: '10.0', java.version: '21.0.4'
Driver info: org.openqa.selenium.chrome.ChromeDriver
Command: [7464383dba6d6c694642e280d4c19a80, findElement {using=link text, value=Edit your account information}]
Capabilities {acceptInsecureCerts: false, browserName: chrome, browserVersion: 130.0.6723.71, chrome: {chromedriverVersion: 130.0.6723.91 (53ac07678369..., userDataDir: C:\Users\QUALIT~1\AppData\L...}, fedcm:accounts: true, goog:chromeOptions: {debuggerAddress: localhost:56916}, networkConnectionEnabled: false, pageLoadStrategy: normal, platformName: windows, proxy: Proxy(), se:cdp: ws://localhost:56916/devtoo..., se:cdpVersion: 130.0.6723.71, setWindowRect: true, strictFileInteractability: false, timeouts: {implicit: 0, pageLoad: 300000, script: 30000}, unhandledPromptBehavior: dismiss and notify, webauthn:extension:credBlob: true, webauthn:extension:largeBlob: true, webauthn:extension:minPinLength: true, webauthn:extension:prf: true, webauthn:virtualAuthenticators: true}
Session ID: 7464383dba6d6c694642e280d4c19a80]]>
            </message>
            <full-stacktrace>
              <![CDATA[org.openqa.selenium.NoSuchElementException: no such element: Unable to locate element: {"method":"link text","selector":"Edit your account information"}
  (Session info: chrome=130.0.6723.71)
For documentation on this error, please visit: https://www.selenium.dev/documentation/webdriver/troubleshooting/errors#no-such-element-exception
Build info: version: '4.18.0', revision: 'b6bf9de7cc*'
System info: os.name: 'Windows 10', os.arch: 'amd64', os.version: '10.0', java.version: '21.0.4'
Driver info: org.openqa.selenium.chrome.ChromeDriver
Command: [7464383dba6d6c694642e280d4c19a80, findElement {using=link text, value=Edit your account information}]
Capabilities {acceptInsecureCerts: false, browserName: chrome, browserVersion: 130.0.6723.71, chrome: {chromedriverVersion: 130.0.6723.91 (53ac07678369..., userDataDir: C:\Users\QUALIT~1\AppData\L...}, fedcm:accounts: true, goog:chromeOptions: {debuggerAddress: localhost:56916}, networkConnectionEnabled: false, pageLoadStrategy: normal, platformName: windows, proxy: Proxy(), se:cdp: ws://localhost:56916/devtoo..., se:cdpVersion: 130.0.6723.71, setWindowRect: true, strictFileInteractability: false, timeouts: {implicit: 0, pageLoad: 300000, script: 30000}, unhandledPromptBehavior: dismiss and notify, webauthn:extension:credBlob: true, webauthn:extension:largeBlob: true, webauthn:extension:minPinLength: true, webauthn:extension:prf: true, webauthn:virtualAuthenticators: true}
Session ID: 7464383dba6d6c694642e280d4c19a80
at java.base/jdk.internal.reflect.DirectConstructorHandleAccessor.newInstance(DirectConstructorHandleAccessor.java:62)
at java.base/java.lang.reflect.Constructor.newInstanceWithCaller(Constructor.java:502)
at java.base/java.lang.reflect.Constructor.newInstance(Constructor.java:486)
at org.openqa.selenium.remote.ErrorCodec.decode(ErrorCodec.java:167)
at org.openqa.selenium.remote.codec.w3c.W3CHttpResponseCodec.decode(W3CHttpResponseCodec.java:138)
at org.openqa.selenium.remote.codec.w3c.W3CHttpResponseCodec.decode(W3CHttpResponseCodec.java:50)
at org.openqa.selenium.remote.HttpCommandExecutor.execute(HttpCommandExecutor.java:190)
at org.openqa.selenium.remote.service.DriverCommandExecutor.invokeExecute(DriverCommandExecutor.java:216)
at org.openqa.selenium.remote.service.DriverCommandExecutor.execute(DriverCommandExecutor.java:174)
at org.openqa.selenium.remote.RemoteWebDriver.execute(RemoteWebDriver.java:519)
at org.openqa.selenium.remote.ElementLocation$ElementFinder$2.findElement(ElementLocation.java:165)
at org.openqa.selenium.remote.ElementLocation.findElement(ElementLocation.java:59)
at org.openqa.selenium.remote.RemoteWebDriver.findElement(RemoteWebDriver.java:356)
at org.openqa.selenium.remote.RemoteWebDriver.findElement(RemoteWebDriver.java:350)
at org.seleniumframework.org.seleniumtests.Login.verifyLoginWithValidCredentials(Login.java:87)
at java.base/jdk.internal.reflect.DirectMethodHandleAccessor.invoke(DirectMethodHandleAccessor.java:103)
at java.base/java.lang.reflect.Method.invoke(Method.java:580)
at org.testng.internal.invokers.MethodInvocationHelper.invokeMethod(MethodInvocationHelper.java:139)
at org.testng.internal.invokers.TestInvoker.invokeMethod(TestInvoker.java:677)
at org.testng.internal.invokers.TestInvoker.invokeTestMethod(TestInvoker.java:221)
at org.testng.internal.invokers.MethodRunner.runInSequence(MethodRunner.java:50)
at org.testng.internal.invokers.TestInvoker$MethodInvocationAgent.invoke(TestInvoker.java:969)
at org.testng.internal.invokers.TestInvoker.invokeTestMethods(TestInvoker.java:194)
at org.testng.internal.invokers.TestMethodWorker.invokeTestMethods(TestMethodWorker.java:148)
at org.testng.internal.invokers.TestMethodWorker.run(TestMethodWorker.java:128)
at java.base/java.util.ArrayList.forEach(ArrayList.java:1596)
at org.testng.TestRunner.privateRun(TestRunner.java:829)
at org.testng.TestRunner.run(TestRunner.java:602)
at org.testng.SuiteRunner.runTest(SuiteRunner.java:437)
at org.testng.SuiteRunner.runSequentially(SuiteRunner.java:431)
at org.testng.SuiteRunner.privateRun(SuiteRunner.java:391)
at org.testng.SuiteRunner.run(SuiteRunner.java:330)
at org.testng.SuiteRunnerWorker.runSuite(SuiteRunnerWorker.java:52)
at org.testng.SuiteRunnerWorker.run(SuiteRunnerWorker.java:95)
at org.testng.TestNG.runSuitesSequentially(TestNG.java:1256)
at org.testng.TestNG.runSuitesLocally(TestNG.java:1176)
at org.testng.TestNG.runSuites(TestNG.java:1099)
at org.testng.TestNG.run(TestNG.java:1067)
at org.testng.remote.AbstractRemoteTestNG.run(AbstractRemoteTestNG.java:115)
at org.testng.remote.RemoteTestNG.initAndRun(RemoteTestNG.java:293)
at org.testng.remote.RemoteTestNG.main(RemoteTestNG.java:91)
]]>
            </full-stacktrace>
          </exception> <!-- org.openqa.selenium.NoSuchElementException -->
          <reporter-output>
          </reporter-output>
        </test-method> <!-- verifyLoginWithValidCredentials -->
        <test-method is-config="true" signature="teadDown(org.testng.ITestResult)[pri:0, instance:org.seleniumframework.org.seleniumtests.Login@37ebc9d8]" started-at="2024-11-04T20:34:23 IST" name="teadDown" finished-at="2024-11-04T20:34:24 IST" duration-ms="210" status="PASS">
          <params>
            <param index="0">
              <value>
                <![CDATA[[TestResult name=verifyLoginWithValidCredentials status=FAILURE method=Login.verifyLoginWithValidCredentials(java.lang.String,java.lang.String)[pri:1, instance:org.seleniumframework.org.seleniumtests.Login@37ebc9d8] output={null}]]]>
              </value>
            </param>
          </params>
          <reporter-output>
          </reporter-output>
        </test-method> <!-- teadDown -->
        <test-method is-config="true" signature="setUp()[pri:0, instance:org.seleniumframework.org.seleniumtests.Login@37ebc9d8]" started-at="2024-11-04T20:34:24 IST" name="setUp" finished-at="2024-11-04T20:34:26 IST" duration-ms="2303" status="PASS">
          <reporter-output>
          </reporter-output>
        </test-method> <!-- setUp -->
        <test-method signature="verifyLoginWithValidCredentials(java.lang.String,java.lang.String)[pri:1, instance:org.seleniumframework.org.seleniumtests.Login@37ebc9d8]" started-at="2024-11-04T20:34:26 IST" name="verifyLoginWithValidCredentials" data-provider="validCredentialSupplier" finished-at="2024-11-04T20:34:27 IST" duration-ms="779" status="PASS">
          <params>
            <param index="0">
              <value>
                <![CDATA[john.peter1@gmail.com]]>
              </value>
            </param>
            <param index="1">
              <value>
                <![CDATA[12345]]>
              </value>
            </param>
          </params>
          <reporter-output>
          </reporter-output>
        </test-method> <!-- verifyLoginWithValidCredentials -->
        <test-method is-config="true" signature="teadDown(org.testng.ITestResult)[pri:0, instance:org.seleniumframework.org.seleniumtests.Login@37ebc9d8]" started-at="2024-11-04T20:34:27 IST" name="teadDown" finished-at="2024-11-04T20:34:27 IST" duration-ms="156" status="PASS">
          <params>
            <param index="0">
              <value>
                <![CDATA[[TestResult name=verifyLoginWithValidCredentials status=SUCCESS method=Login.verifyLoginWithValidCredentials(java.lang.String,java.lang.String)[pri:1, instance:org.seleniumframework.org.seleniumtests.Login@37ebc9d8] output={null}]]]>
              </value>
            </param>
          </params>
          <reporter-output>
          </reporter-output>
        </test-method> <!-- teadDown -->
        <test-method is-config="true" signature="setUp()[pri:0, instance:org.seleniumframework.org.seleniumtests.Login@37ebc9d8]" started-at="2024-11-04T20:34:27 IST" name="setUp" finished-at="2024-11-04T20:34:29 IST" duration-ms="2289" status="PASS">
          <reporter-output>
          </reporter-output>
        </test-method> <!-- setUp -->
        <test-method signature="VerifyLoginWithValidEmailInvalidPassword()[pri:2, instance:org.seleniumframework.org.seleniumtests.Login@37ebc9d8]" started-at="2024-11-04T20:34:29 IST" name="VerifyLoginWithValidEmailInvalidPassword" finished-at="2024-11-04T20:34:30 IST" duration-ms="635" status="PASS">
          <reporter-output>
          </reporter-output>
        </test-method> <!-- VerifyLoginWithValidEmailInvalidPassword -->
        <test-method is-config="true" signature="teadDown(org.testng.ITestResult)[pri:0, instance:org.seleniumframework.org.seleniumtests.Login@37ebc9d8]" started-at="2024-11-04T20:34:30 IST" name="teadDown" finished-at="2024-11-04T20:34:30 IST" duration-ms="164" status="PASS">
          <params>
            <param index="0">
              <value>
                <![CDATA[[TestResult name=VerifyLoginWithValidEmailInvalidPassword status=SUCCESS method=Login.VerifyLoginWithValidEmailInvalidPassword()[pri:2, instance:org.seleniumframework.org.seleniumtests.Login@37ebc9d8] output={null}]]]>
              </value>
            </param>
          </params>
          <reporter-output>
          </reporter-output>
        </test-method> <!-- teadDown -->
        <test-method is-config="true" signature="setUp()[pri:0, instance:org.seleniumframework.org.seleniumtests.Login@37ebc9d8]" started-at="2024-11-04T20:34:30 IST" name="setUp" finished-at="2024-11-04T20:34:32 IST" duration-ms="2426" status="PASS">
          <reporter-output>
          </reporter-output>
        </test-method> <!-- setUp -->
        <test-method signature="VerifyLoginWithInValidEmailValidPassword()[pri:3, instance:org.seleniumframework.org.seleniumtests.Login@37ebc9d8]" started-at="2024-11-04T20:34:32 IST" name="VerifyLoginWithInValidEmailValidPassword" finished-at="2024-11-04T20:34:33 IST" duration-ms="641" status="PASS">
          <reporter-output>
          </reporter-output>
        </test-method> <!-- VerifyLoginWithInValidEmailValidPassword -->
        <test-method is-config="true" signature="teadDown(org.testng.ITestResult)[pri:0, instance:org.seleniumframework.org.seleniumtests.Login@37ebc9d8]" started-at="2024-11-04T20:34:33 IST" name="teadDown" finished-at="2024-11-04T20:34:33 IST" duration-ms="165" status="PASS">
          <params>
            <param index="0">
              <value>
                <![CDATA[[TestResult name=VerifyLoginWithInValidEmailValidPassword status=SUCCESS method=Login.VerifyLoginWithInValidEmailValidPassword()[pri:3, instance:org.seleniumframework.org.seleniumtests.Login@37ebc9d8] output={null}]]]>
              </value>
            </param>
          </params>
          <reporter-output>
          </reporter-output>
        </test-method> <!-- teadDown -->
        <test-method is-config="true" signature="setUp()[pri:0, instance:org.seleniumframework.org.seleniumtests.Login@37ebc9d8]" started-at="2024-11-04T20:34:33 IST" name="setUp" finished-at="2024-11-04T20:34:36 IST" duration-ms="2423" status="PASS">
          <reporter-output>
          </reporter-output>
        </test-method> <!-- setUp -->
        <test-method signature="VerifyLoginWithInValidEmaiInValidPassword()[pri:4, instance:org.seleniumframework.org.seleniumtests.Login@37ebc9d8]" started-at="2024-11-04T20:34:36 IST" name="VerifyLoginWithInValidEmaiInValidPassword" finished-at="2024-11-04T20:34:39 IST" duration-ms="3645" status="PASS">
          <reporter-output>
          </reporter-output>
        </test-method> <!-- VerifyLoginWithInValidEmaiInValidPassword -->
        <test-method is-config="true" signature="teadDown(org.testng.ITestResult)[pri:0, instance:org.seleniumframework.org.seleniumtests.Login@37ebc9d8]" started-at="2024-11-04T20:34:39 IST" name="teadDown" finished-at="2024-11-04T20:34:39 IST" duration-ms="186" status="PASS">
          <params>
            <param index="0">
              <value>
                <![CDATA[[TestResult name=VerifyLoginWithInValidEmaiInValidPassword status=SUCCESS method=Login.VerifyLoginWithInValidEmaiInValidPassword()[pri:4, instance:org.seleniumframework.org.seleniumtests.Login@37ebc9d8] output={null}]]]>
              </value>
            </param>
          </params>
          <reporter-output>
          </reporter-output>
        </test-method> <!-- teadDown -->
        <test-method is-config="true" signature="setUp()[pri:0, instance:org.seleniumframework.org.seleniumtests.Login@37ebc9d8]" started-at="2024-11-04T20:34:39 IST" name="setUp" finished-at="2024-11-04T20:34:42 IST" duration-ms="2351" status="PASS">
          <reporter-output>
          </reporter-output>
        </test-method> <!-- setUp -->
        <test-method signature="VerifyLoginWithBlankEmailAndPassword()[pri:5, instance:org.seleniumframework.org.seleniumtests.Login@37ebc9d8]" started-at="2024-11-04T20:34:42 IST" name="VerifyLoginWithBlankEmailAndPassword" finished-at="2024-11-04T20:34:42 IST" duration-ms="647" status="PASS">
          <reporter-output>
          </reporter-output>
        </test-method> <!-- VerifyLoginWithBlankEmailAndPassword -->
        <test-method is-config="true" signature="teadDown(org.testng.ITestResult)[pri:0, instance:org.seleniumframework.org.seleniumtests.Login@37ebc9d8]" started-at="2024-11-04T20:34:42 IST" name="teadDown" finished-at="2024-11-04T20:34:43 IST" duration-ms="174" status="PASS">
          <params>
            <param index="0">
              <value>
                <![CDATA[[TestResult name=VerifyLoginWithBlankEmailAndPassword status=SUCCESS method=Login.VerifyLoginWithBlankEmailAndPassword()[pri:5, instance:org.seleniumframework.org.seleniumtests.Login@37ebc9d8] output={null}]]]>
              </value>
            </param>
          </params>
          <reporter-output>
          </reporter-output>
        </test-method> <!-- teadDown -->
        <test-method is-config="true" signature="flushExtent()[pri:0, instance:org.seleniumframework.org.seleniumtests.Login@37ebc9d8]" started-at="2024-11-04T20:34:43 IST" name="flushExtent" finished-at="2024-11-04T20:34:43 IST" duration-ms="338" status="PASS">
          <reporter-output>
          </reporter-output>
        </test-method> <!-- flushExtent -->
      </class> <!-- org.seleniumframework.org.seleniumtests.Login -->
    </test> <!-- Default test -->
  </suite> <!-- Default suite -->
</testng-results>
